<?xml version="1.0" encoding="UTF-8"?>
<!-- Generated by org.testng.reporters.JUnitReportReporter -->
<testsuite hostname="Mohan" failures="0" tests="1" name="com.venkat.Testcases.BaseClass" time="0.007" errors="0" timestamp="2024-06-10T16:22:56 IST" skipped="0">
  <testcase classname="com.venkat.Testcases.BaseClass" name="testmethod" time="0.007"/>
  <system-out/>
</testsuite> <!-- com.venkat.Testcases.BaseClass -->
