<?xml version="1.0" encoding="UTF-8"?>
<!-- Generated by org.testng.reporters.JUnitReportReporter -->
<testsuite hostname="Mohan" failures="0" tests="1" name="com.venkat.Testcases.TC_LoginTest_001" time="1.474" errors="0" timestamp="2024-06-10T22:15:48 IST" skipped="0">
  <testcase classname="com.venkat.Testcases.TC_LoginTest_001" name="loginTest" time="1.474"/>
  <system-out/>
</testsuite> <!-- com.venkat.Testcases.TC_LoginTest_001 -->
